
> mikoto@1.0.0 main
> ts-node ./src/main/consciousness.ts

start 2024-05-15T01:53:37.928Z
r:  NaN
oblivion: 1
r:  NaN
oblivion: 2
r:  NaN
oblivion: 3
r:  f
oblivion: 4
r:  8
delete: cac9597e-8f6b-432e-9316-6c01425aa8a7 Qualia { fragment: 1 }
oblivion: 5
r:  1
oblivion: 6
r:  h
oblivion: 7
r:  NaN
delete: 4ef8101d-e308-4d46-b8fa-68c355f4815c Qualia { fragment: 5 }
oblivion: 8
Completed: NaN
r:  NaN
oblivion: 9
r:  NaN
oblivion: 10
r:  NaN
oblivion: 11
r:  c
oblivion: 12
r:  NaN
delete: 48a18dbe-2f18-4605-9a55-7be0a396a016 Qualia { fragment: 4 }
oblivion: 13
r:  4
oblivion: 14
r:  NaN
oblivion: 15
r:  3
oblivion: 16
r:  NaN
delete: f21068e7-2d3d-4897-82a8-ab592dde3b04 Qualia { fragment: 8 }
oblivion: 17
Completed: NaN
r:  8
oblivion: 18
r:  d
delete: acb06e0a-08f5-4a12-b0c6-5c74d10c481b Qualia { fragment: 'd' }
oblivion: 19
r:  d
oblivion: 20
r:  NaN
delete: b210c0aa-5c79-42a1-8110-4b32f95f1faf Qualia { fragment: 6 }
oblivion: 21
Completed: NaN
r:  NaN
delete: 703aa323-0a1a-4bc3-a1cc-e0627863bcf6 Qualia { fragment: 9 }
oblivion: 22
r:  NaN
oblivion: 23
r:  7
oblivion: 24
r:  NaN
delete: 5c6bf838-8a29-45c3-b4f5-c011ea565f75 Qualia { fragment: 2 }
oblivion: 25
r:  h
delete: affb113b-5d51-4965-b591-304294217845 Qualia { fragment: 3 }
oblivion: 26
r:  NaN
oblivion: 27
Completed: 8
r:  0
oblivion: 28
r:  1
delete: a32756df-7c3d-40fe-900b-d1257f6e3c9e Qualia { fragment: 'i' }
oblivion: 29
r:  i
delete: 31ee4f5e-8362-4932-b3b8-54f24a2b33ea Qualia { fragment: 2 }
oblivion: 30
r:  NaN
oblivion: 31
r:  NaN
oblivion: 32
r:  NaN
delete: b8bdb67a-a01b-452c-9f14-a423cdb94d25 Qualia { fragment: 'a' }
oblivion: 33
r:  a
delete: 782cd183-57fa-4093-a97d-ac8136a49457 Qualia { fragment: 0 }
oblivion: 34
r:  NaN
oblivion: 35
r:  NaN
delete: affb113b-5d51-4965-b591-304294217845 Qualia { fragment: 3 }
oblivion: 36
r:  g
delete: bc9ca0e2-c3d0-4d12-8c19-8678599be7b5 Qualia { fragment: 'b' }
oblivion: 37
r:  NaN
delete: a6554c19-8e13-4df0-adf2-da16e5471457 Qualia { fragment: 1 }
oblivion: 38
r:  NaN
delete: 0c5cddda-e24f-44cf-b2f3-c886e042a9f8 Qualia { fragment: 7 }
oblivion: 39
r:  7
oblivion: 40
r:  NaN
oblivion: 41
r:  3
delete: 2df7163d-3608-4f83-ab00-e9e8ffbc9ca9 Qualia { fragment: 'e' }
oblivion: 42
r:  NaN
delete: 7bf1f0e6-7081-4237-a3c1-51e75477cb23 Qualia { fragment: 3 }
oblivion: 43
Completed: 0
r:  g
oblivion: 44
r:  NaN
oblivion: 45
r:  f
oblivion: 46
r:  f
oblivion: 47
r:  f
oblivion: 48
r:  NaN
oblivion: 49
r:  g
oblivion: 50
r:  f
oblivion: 51
r:  f
oblivion: 52
r:  NaN
oblivion: 53
r:  NaN
oblivion: 54
r:  NaN
oblivion: 55
r:  f
oblivion: 56
r:  NaN
oblivion: 57
r:  NaN
oblivion: 58
r:  NaN
oblivion: 59
r:  h
oblivion: 60
r:  NaN
oblivion: 61
r:  NaN
oblivion: 62
r:  NaN
oblivion: 63
r:  NaN
oblivion: 64
r:  NaN
oblivion: 65
r:  NaN
oblivion: 66
r:  NaN
oblivion: 67
r:  f
oblivion: 68
r:  NaN
oblivion: 69
r:  NaN
oblivion: 70
r:  NaN
oblivion: 71
r:  NaN
oblivion: 72
r:  g
oblivion: 73
r:  NaN
oblivion: 74
r:  NaN
oblivion: 75
r:  NaN
oblivion: 76
r:  NaN
oblivion: 77
r:  NaN
oblivion: 78
r:  NaN
oblivion: 79
r:  g
oblivion: 80
r:  NaN
oblivion: 81
r:  NaN
oblivion: 82
r:  h
oblivion: 83
r:  g
oblivion: 84
r:  h
oblivion: 85
r:  NaN
oblivion: 86
r:  NaN
oblivion: 87
r:  NaN
oblivion: 88
r:  NaN
oblivion: 89
r:  NaN
oblivion: 90
r:  h
oblivion: 91
r:  NaN
oblivion: 92
r:  NaN
oblivion: 93
r:  NaN
oblivion: 94
r:  f
oblivion: 95
r:  NaN
oblivion: 96
r:  NaN
oblivion: 97
r:  NaN
oblivion: 98
r:  NaN
oblivion: 99
r:  f
oblivion: 100
r:  NaN
oblivion: 101
r:  NaN
oblivion: 102
r:  NaN
oblivion: 103
r:  NaN
oblivion: 104
r:  f
oblivion: 105
r:  h
oblivion: 106
r:  NaN
oblivion: 107
r:  h
oblivion: 108
r:  NaN
oblivion: 109
r:  NaN
oblivion: 110
r:  h
oblivion: 111
r:  NaN
oblivion: 112
r:  h
oblivion: 113
r:  NaN
oblivion: 114
r:  NaN
oblivion: 115
r:  NaN
oblivion: 116
r:  NaN
oblivion: 117
r:  h
oblivion: 118
r:  NaN
oblivion: 119
r:  NaN
oblivion: 120
r:  g
oblivion: 121
r:  NaN
oblivion: 122
r:  h
oblivion: 123
r:  NaN
oblivion: 124
r:  NaN
oblivion: 125
r:  h
oblivion: 126
r:  f
oblivion: 127
r:  NaN
oblivion: 128
r:  NaN
oblivion: 129
r:  NaN
oblivion: 130
r:  NaN
oblivion: 131
r:  NaN
oblivion: 132
r:  h
oblivion: 133
r:  NaN
oblivion: 134
r:  NaN
oblivion: 135
r:  NaN
oblivion: 136
r:  NaN
oblivion: 137
r:  NaN
oblivion: 138
r:  g
oblivion: 139
r:  NaN
oblivion: 140
r:  NaN
oblivion: 141
r:  NaN
oblivion: 142
r:  h
oblivion: 143
r:  g
oblivion: 144
r:  h
oblivion: 145
r:  NaN
oblivion: 146
r:  NaN
oblivion: 147
r:  NaN
oblivion: 148
r:  NaN
oblivion: 149
r:  f
oblivion: 150
r:  NaN
oblivion: 151
r:  NaN
oblivion: 152
r:  NaN
oblivion: 153
r:  NaN
oblivion: 154
r:  NaN
oblivion: 155
r:  NaN
oblivion: 156
r:  h
oblivion: 157
r:  NaN
oblivion: 158
r:  NaN
oblivion: 159
r:  NaN
oblivion: 160
r:  NaN
oblivion: 161
r:  NaN
oblivion: 162
r:  NaN
oblivion: 163
r:  NaN
oblivion: 164
r:  NaN
oblivion: 165
r:  h
oblivion: 166
r:  h
oblivion: 167
r:  g
oblivion: 168
r:  NaN
oblivion: 169
r:  NaN
oblivion: 170
r:  NaN
oblivion: 171
r:  NaN
oblivion: 172
r:  NaN
oblivion: 173
r:  NaN
oblivion: 174
r:  g
oblivion: 175
r:  NaN
oblivion: 176
r:  h
oblivion: 177
r:  NaN
oblivion: 178
r:  h
oblivion: 179
r:  f
oblivion: 180
r:  NaN
oblivion: 181
r:  NaN
oblivion: 182
r:  NaN
oblivion: 183
r:  NaN
oblivion: 184
r:  h
oblivion: 185
r:  NaN
oblivion: 186
r:  h
oblivion: 187
r:  NaN
oblivion: 188
r:  NaN
oblivion: 189
r:  h
oblivion: 190
r:  g
oblivion: 191
r:  NaN
oblivion: 192
r:  NaN
oblivion: 193
r:  NaN
oblivion: 194
r:  h
oblivion: 195
r:  NaN
oblivion: 196
r:  NaN
oblivion: 197
r:  NaN
oblivion: 198
r:  NaN
oblivion: 199
r:  NaN
oblivion: 200
r:  NaN
oblivion: 201
r:  g
oblivion: 202
r:  NaN
oblivion: 203
r:  NaN
oblivion: 204
r:  h
oblivion: 205
r:  NaN
oblivion: 206
r:  NaN
oblivion: 207
r:  g
oblivion: 208
r:  NaN
oblivion: 209
r:  NaN
oblivion: 210
r:  f
oblivion: 211
r:  g
oblivion: 212
r:  NaN
oblivion: 213
r:  NaN
oblivion: 214
r:  NaN
oblivion: 215
r:  h
oblivion: 216
r:  f
oblivion: 217
r:  NaN
oblivion: 218
r:  NaN
oblivion: 219
r:  NaN
oblivion: 220
r:  h
oblivion: 221
r:  NaN
oblivion: 222
r:  g
oblivion: 223
r:  NaN
oblivion: 224
r:  NaN
oblivion: 225
r:  h
oblivion: 226
r:  NaN
oblivion: 227
r:  h
oblivion: 228
r:  NaN
oblivion: 229
r:  NaN
oblivion: 230
r:  NaN
oblivion: 231
r:  NaN
oblivion: 232
r:  f
oblivion: 233
r:  g
oblivion: 234
r:  NaN
oblivion: 235
r:  NaN
oblivion: 236
r:  NaN
oblivion: 237
r:  NaN
oblivion: 238
r:  f
oblivion: 239
r:  f
oblivion: 240
r:  NaN
oblivion: 241
r:  NaN
oblivion: 242
r:  g
oblivion: 243
r:  f
oblivion: 244
r:  NaN
oblivion: 245
r:  NaN
oblivion: 246
r:  NaN
oblivion: 247
r:  NaN
oblivion: 248
r:  NaN
oblivion: 249
r:  NaN
oblivion: 250
r:  g
oblivion: 251
r:  NaN
oblivion: 252
r:  f
oblivion: 253
r:  NaN
oblivion: 254
r:  h
oblivion: 255
r:  NaN
oblivion: 256
r:  NaN
oblivion: 257
r:  NaN
oblivion: 258
r:  NaN
oblivion: 259
r:  NaN
oblivion: 260
r:  f
oblivion: 261
r:  f
oblivion: 262
r:  NaN
oblivion: 263
r:  NaN
oblivion: 264
r:  NaN
oblivion: 265
r:  NaN
oblivion: 266
r:  g
oblivion: 267
r:  NaN
oblivion: 268
r:  NaN
oblivion: 269
r:  g
oblivion: 270
r:  f
oblivion: 271
r:  NaN
oblivion: 272
r:  g
oblivion: 273
r:  NaN
oblivion: 274
r:  NaN
oblivion: 275
r:  NaN
oblivion: 276
r:  f
oblivion: 277
r:  NaN
oblivion: 278
r:  f
oblivion: 279
r:  c
oblivion: 280
r:  NaN
oblivion: 281
r:  NaN
oblivion: 282
r:  g
oblivion: 283
r:  NaN
oblivion: 284
r:  NaN
oblivion: 285
r:  f
oblivion: 286
r:  g
oblivion: 287
r:  NaN
oblivion: 288
r:  NaN
oblivion: 289
r:  h
oblivion: 290
r:  NaN
oblivion: 291
r:  NaN
oblivion: 292
r:  NaN
oblivion: 293
r:  NaN
oblivion: 294
r:  NaN
oblivion: 295
r:  NaN
oblivion: 296
r:  NaN
oblivion: 297
r:  NaN
oblivion: 298
r:  NaN
oblivion: 299
r:  NaN
oblivion: 300
r:  NaN
oblivion: 301
r:  NaN
oblivion: 302
r:  g
oblivion: 303
r:  NaN
oblivion: 304
r:  NaN
oblivion: 305
r:  NaN
oblivion: 306
r:  NaN
oblivion: 307
r:  NaN
oblivion: 308
r:  NaN
oblivion: 309
r:  g
oblivion: 310
r:  NaN
oblivion: 311
r:  NaN
oblivion: 312
r:  NaN
oblivion: 313
r:  h
oblivion: 314
r:  NaN
oblivion: 315
r:  g
oblivion: 316
r:  NaN
oblivion: 317
r:  g
oblivion: 318
r:  g
oblivion: 319
r:  NaN
oblivion: 320
r:  NaN
oblivion: 321
r:  NaN
oblivion: 322
r:  NaN
oblivion: 323
r:  NaN
oblivion: 324
r:  NaN
oblivion: 325
r:  NaN
oblivion: 326
r:  NaN
oblivion: 327
r:  NaN
oblivion: 328
r:  NaN
oblivion: 329
r:  NaN
oblivion: 330
r:  NaN
oblivion: 331
r:  NaN
oblivion: 332
r:  NaN
oblivion: 333
r:  NaN
oblivion: 334
r:  NaN
oblivion: 335
r:  c
oblivion: 336
r:  g
oblivion: 337
r:  NaN
oblivion: 338
r:  g
oblivion: 339
r:  f
oblivion: 340
r:  NaN
oblivion: 341
r:  NaN
oblivion: 342
r:  NaN
oblivion: 343
r:  NaN
oblivion: 344
r:  NaN
oblivion: 345
r:  NaN
oblivion: 346
r:  f
oblivion: 347
r:  NaN
oblivion: 348
r:  NaN
oblivion: 349
r:  f
oblivion: 350
r:  NaN
oblivion: 351
r:  NaN
oblivion: 352
r:  NaN
oblivion: 353
r:  f
oblivion: 354
r:  NaN
oblivion: 355
r:  f
oblivion: 356
r:  NaN
oblivion: 357
r:  f
oblivion: 358
r:  f
oblivion: 359
r:  g
oblivion: 360
r:  NaN
oblivion: 361
r:  NaN
oblivion: 362
r:  NaN
oblivion: 363
r:  f
oblivion: 364
r:  h
oblivion: 365
r:  g
oblivion: 366
r:  f
oblivion: 367
r:  g
oblivion: 368
r:  NaN
oblivion: 369
r:  f
oblivion: 370
r:  NaN
oblivion: 371
r:  NaN
oblivion: 372
 come here
